2023-03-24 00:02:17.732  INFO 6724 --- [SpringApplicationShutdownHook] j.LocalContainerEntityManagerFactoryBean : Closing JPA EntityManagerFactory for persistence unit 'default'
2023-03-24 00:02:17.799  INFO 6724 --- [SpringApplicationShutdownHook] com.zaxxer.hikari.HikariDataSource       : HikariPool-1 - Shutdown initiated...
2023-03-24 00:02:17.862  INFO 6724 --- [SpringApplicationShutdownHook] com.zaxxer.hikari.HikariDataSource       : HikariPool-1 - Shutdown completed.
2023-03-24 00:02:32.562  INFO 16332 --- [restartedMain] c.e.votingapp.VotingAppApplication       : Starting VotingAppApplication using Java 19.0.2 on Captain_Kid with PID 16332 (C:\Users\iyoge\OneDrive\Desktop\Votinng App Final\target\classes started by iyoge in C:\Users\iyoge\OneDrive\Desktop\Votinng App Final)
2023-03-24 00:02:32.564  INFO 16332 --- [restartedMain] c.e.votingapp.VotingAppApplication       : No active profile set, falling back to 1 default profile: "default"
2023-03-24 00:02:32.648  INFO 16332 --- [restartedMain] .e.DevToolsPropertyDefaultsPostProcessor : Devtools property defaults active! Set 'spring.devtools.add-properties' to 'false' to disable
2023-03-24 00:02:32.649  INFO 16332 --- [restartedMain] .e.DevToolsPropertyDefaultsPostProcessor : For additional web related logging consider setting the 'logging.level.web' property to 'DEBUG'
2023-03-24 00:02:33.459  INFO 16332 --- [restartedMain] .s.d.r.c.RepositoryConfigurationDelegate : Bootstrapping Spring Data JPA repositories in DEFAULT mode.
2023-03-24 00:02:33.548  INFO 16332 --- [restartedMain] .s.d.r.c.RepositoryConfigurationDelegate : Finished Spring Data repository scanning in 80 ms. Found 3 JPA repository interfaces.
2023-03-24 00:02:34.233  INFO 16332 --- [restartedMain] o.s.b.w.embedded.tomcat.TomcatWebServer  : Tomcat initialized with port(s): 8081 (http)
2023-03-24 00:02:34.242  INFO 16332 --- [restartedMain] o.apache.catalina.core.StandardService   : Starting service [Tomcat]
2023-03-24 00:02:34.243  INFO 16332 --- [restartedMain] org.apache.catalina.core.StandardEngine  : Starting Servlet engine: [Apache Tomcat/9.0.69]
2023-03-24 00:02:34.336  INFO 16332 --- [restartedMain] o.a.c.c.C.[Tomcat].[localhost].[/]       : Initializing Spring embedded WebApplicationContext
2023-03-24 00:02:34.337  INFO 16332 --- [restartedMain] w.s.c.ServletWebServerApplicationContext : Root WebApplicationContext: initialization completed in 1688 ms
2023-03-24 00:02:34.591  INFO 16332 --- [restartedMain] o.hibernate.jpa.internal.util.LogHelper  : HHH000204: Processing PersistenceUnitInfo [name: default]
2023-03-24 00:02:34.658  INFO 16332 --- [restartedMain] org.hibernate.Version                    : HHH000412: Hibernate ORM core version 5.6.14.Final
2023-03-24 00:02:34.861  INFO 16332 --- [restartedMain] o.hibernate.annotations.common.Version   : HCANN000001: Hibernate Commons Annotations {5.1.2.Final}
2023-03-24 00:02:34.976  INFO 16332 --- [restartedMain] com.zaxxer.hikari.HikariDataSource       : HikariPool-1 - Starting...
2023-03-24 00:02:35.382  INFO 16332 --- [restartedMain] com.zaxxer.hikari.HikariDataSource       : HikariPool-1 - Start completed.
2023-03-24 00:02:35.420  INFO 16332 --- [restartedMain] org.hibernate.dialect.Dialect            : HHH000400: Using dialect: org.hibernate.dialect.MySQL57Dialect
2023-03-24 00:02:36.156  INFO 16332 --- [restartedMain] o.h.e.t.j.p.i.JtaPlatformInitiator       : HHH000490: Using JtaPlatform implementation: [org.hibernate.engine.transaction.jta.platform.internal.NoJtaPlatform]
2023-03-24 00:02:36.164  INFO 16332 --- [restartedMain] j.LocalContainerEntityManagerFactoryBean : Initialized JPA EntityManagerFactory for persistence unit 'default'
2023-03-24 00:02:36.589  WARN 16332 --- [restartedMain] JpaBaseConfiguration$JpaWebConfiguration : spring.jpa.open-in-view is enabled by default. Therefore, database queries may be performed during view rendering. Explicitly configure spring.jpa.open-in-view to disable this warning
2023-03-24 00:02:36.997  INFO 16332 --- [restartedMain] o.s.b.d.a.OptionalLiveReloadServer       : LiveReload server is running on port 35729
2023-03-24 00:02:37.057  INFO 16332 --- [restartedMain] o.s.b.w.embedded.tomcat.TomcatWebServer  : Tomcat started on port(s): 8081 (http) with context path ''
2023-03-24 00:02:37.070  INFO 16332 --- [restartedMain] c.e.votingapp.VotingAppApplication       : Started VotingAppApplication in 5.043 seconds (JVM running for 6.436)
2023-03-24 00:05:39.821  INFO 16332 --- [http-nio-8081-exec-1] o.a.c.c.C.[Tomcat].[localhost].[/]       : Initializing Spring DispatcherServlet 'dispatcherServlet'
2023-03-24 00:05:39.827  INFO 16332 --- [http-nio-8081-exec-1] o.s.web.servlet.DispatcherServlet        : Initializing Servlet 'dispatcherServlet'
2023-03-24 00:05:39.851  INFO 16332 --- [http-nio-8081-exec-1] o.s.web.servlet.DispatcherServlet        : Completed initialization in 24 ms
2023-03-24 00:12:42.059  WARN 16332 --- [http-nio-8081-exec-6] .w.s.m.s.DefaultHandlerExceptionResolver : Resolved [org.springframework.web.HttpRequestMethodNotSupportedException: Request method 'POST' not supported]
2023-03-24 00:12:42.059  WARN 16332 --- [http-nio-8081-exec-5] .w.s.m.s.DefaultHandlerExceptionResolver : Resolved [org.springframework.web.HttpRequestMethodNotSupportedException: Request method 'POST' not supported]
2023-03-24 00:56:23.154  INFO 16332 --- [SpringApplicationShutdownHook] j.LocalContainerEntityManagerFactoryBean : Closing JPA EntityManagerFactory for persistence unit 'default'
2023-03-24 00:56:23.212  INFO 16332 --- [SpringApplicationShutdownHook] com.zaxxer.hikari.HikariDataSource       : HikariPool-1 - Shutdown initiated...
2023-03-24 00:56:23.236  INFO 16332 --- [SpringApplicationShutdownHook] com.zaxxer.hikari.HikariDataSource       : HikariPool-1 - Shutdown completed.
2023-03-24 00:56:32.178  INFO 13616 --- [restartedMain] c.e.votingapp.VotingAppApplication       : Starting VotingAppApplication using Java 19.0.2 on Captain_Kid with PID 13616 (C:\Users\iyoge\OneDrive\Desktop\Votinng App Final\target\classes started by iyoge in C:\Users\iyoge\OneDrive\Desktop\Votinng App Final)
2023-03-24 00:56:32.181  INFO 13616 --- [restartedMain] c.e.votingapp.VotingAppApplication       : No active profile set, falling back to 1 default profile: "default"
2023-03-24 00:56:32.288  INFO 13616 --- [restartedMain] .e.DevToolsPropertyDefaultsPostProcessor : Devtools property defaults active! Set 'spring.devtools.add-properties' to 'false' to disable
2023-03-24 00:56:32.289  INFO 13616 --- [restartedMain] .e.DevToolsPropertyDefaultsPostProcessor : For additional web related logging consider setting the 'logging.level.web' property to 'DEBUG'
2023-03-24 00:56:33.261  INFO 13616 --- [restartedMain] .s.d.r.c.RepositoryConfigurationDelegate : Bootstrapping Spring Data JPA repositories in DEFAULT mode.
2023-03-24 00:56:33.361  INFO 13616 --- [restartedMain] .s.d.r.c.RepositoryConfigurationDelegate : Finished Spring Data repository scanning in 86 ms. Found 3 JPA repository interfaces.
2023-03-24 00:56:34.123  INFO 13616 --- [restartedMain] o.s.b.w.embedded.tomcat.TomcatWebServer  : Tomcat initialized with port(s): 8081 (http)
2023-03-24 00:56:34.139  INFO 13616 --- [restartedMain] o.apache.catalina.core.StandardService   : Starting service [Tomcat]
2023-03-24 00:56:34.140  INFO 13616 --- [restartedMain] org.apache.catalina.core.StandardEngine  : Starting Servlet engine: [Apache Tomcat/9.0.69]
2023-03-24 00:56:34.230  INFO 13616 --- [restartedMain] o.a.c.c.C.[Tomcat].[localhost].[/]       : Initializing Spring embedded WebApplicationContext
2023-03-24 00:56:34.233  INFO 13616 --- [restartedMain] w.s.c.ServletWebServerApplicationContext : Root WebApplicationContext: initialization completed in 1940 ms
2023-03-24 00:56:34.475  INFO 13616 --- [restartedMain] o.hibernate.jpa.internal.util.LogHelper  : HHH000204: Processing PersistenceUnitInfo [name: default]
2023-03-24 00:56:34.557  INFO 13616 --- [restartedMain] org.hibernate.Version                    : HHH000412: Hibernate ORM core version 5.6.14.Final
2023-03-24 00:56:34.779  INFO 13616 --- [restartedMain] o.hibernate.annotations.common.Version   : HCANN000001: Hibernate Commons Annotations {5.1.2.Final}
2023-03-24 00:56:34.893  INFO 13616 --- [restartedMain] com.zaxxer.hikari.HikariDataSource       : HikariPool-1 - Starting...
2023-03-24 00:56:35.327  INFO 13616 --- [restartedMain] com.zaxxer.hikari.HikariDataSource       : HikariPool-1 - Start completed.
2023-03-24 00:56:35.373  INFO 13616 --- [restartedMain] org.hibernate.dialect.Dialect            : HHH000400: Using dialect: org.hibernate.dialect.MySQL57Dialect
2023-03-24 00:56:36.417  INFO 13616 --- [restartedMain] o.h.e.t.j.p.i.JtaPlatformInitiator       : HHH000490: Using JtaPlatform implementation: [org.hibernate.engine.transaction.jta.platform.internal.NoJtaPlatform]
2023-03-24 00:56:36.428  INFO 13616 --- [restartedMain] j.LocalContainerEntityManagerFactoryBean : Initialized JPA EntityManagerFactory for persistence unit 'default'
2023-03-24 00:56:36.891  WARN 13616 --- [restartedMain] JpaBaseConfiguration$JpaWebConfiguration : spring.jpa.open-in-view is enabled by default. Therefore, database queries may be performed during view rendering. Explicitly configure spring.jpa.open-in-view to disable this warning
2023-03-24 00:56:37.265  INFO 13616 --- [restartedMain] o.s.b.d.a.OptionalLiveReloadServer       : LiveReload server is running on port 35729
2023-03-24 00:56:37.312  INFO 13616 --- [restartedMain] o.s.b.w.embedded.tomcat.TomcatWebServer  : Tomcat started on port(s): 8081 (http) with context path ''
2023-03-24 00:56:37.327  INFO 13616 --- [restartedMain] c.e.votingapp.VotingAppApplication       : Started VotingAppApplication in 5.77 seconds (JVM running for 7.221)
2023-03-24 00:57:22.148  INFO 13616 --- [SpringApplicationShutdownHook] j.LocalContainerEntityManagerFactoryBean : Closing JPA EntityManagerFactory for persistence unit 'default'
2023-03-24 00:57:22.150  INFO 13616 --- [SpringApplicationShutdownHook] .SchemaDropperImpl$DelayedDropActionImpl : HHH000477: Starting delayed evictData of schema as part of SessionFactory shut-down'
2023-03-24 00:57:22.178  INFO 13616 --- [SpringApplicationShutdownHook] com.zaxxer.hikari.HikariDataSource       : HikariPool-1 - Shutdown initiated...
2023-03-24 00:57:22.205  INFO 13616 --- [SpringApplicationShutdownHook] com.zaxxer.hikari.HikariDataSource       : HikariPool-1 - Shutdown completed.
2023-03-24 00:57:29.775  INFO 10148 --- [restartedMain] c.e.votingapp.VotingAppApplication       : Starting VotingAppApplication using Java 19.0.2 on Captain_Kid with PID 10148 (C:\Users\iyoge\OneDrive\Desktop\Votinng App Final\target\classes started by iyoge in C:\Users\iyoge\OneDrive\Desktop\Votinng App Final)
2023-03-24 00:57:29.779  INFO 10148 --- [restartedMain] c.e.votingapp.VotingAppApplication       : No active profile set, falling back to 1 default profile: "default"
2023-03-24 00:57:29.890  INFO 10148 --- [restartedMain] .e.DevToolsPropertyDefaultsPostProcessor : Devtools property defaults active! Set 'spring.devtools.add-properties' to 'false' to disable
2023-03-24 00:57:29.891  INFO 10148 --- [restartedMain] .e.DevToolsPropertyDefaultsPostProcessor : For additional web related logging consider setting the 'logging.level.web' property to 'DEBUG'
2023-03-24 00:57:30.850  INFO 10148 --- [restartedMain] .s.d.r.c.RepositoryConfigurationDelegate : Bootstrapping Spring Data JPA repositories in DEFAULT mode.
2023-03-24 00:57:30.936  INFO 10148 --- [restartedMain] .s.d.r.c.RepositoryConfigurationDelegate : Finished Spring Data repository scanning in 79 ms. Found 3 JPA repository interfaces.
2023-03-24 00:57:31.642  INFO 10148 --- [restartedMain] o.s.b.w.embedded.tomcat.TomcatWebServer  : Tomcat initialized with port(s): 8081 (http)
2023-03-24 00:57:31.652  INFO 10148 --- [restartedMain] o.apache.catalina.core.StandardService   : Starting service [Tomcat]
2023-03-24 00:57:31.653  INFO 10148 --- [restartedMain] org.apache.catalina.core.StandardEngine  : Starting Servlet engine: [Apache Tomcat/9.0.69]
2023-03-24 00:57:31.749  INFO 10148 --- [restartedMain] o.a.c.c.C.[Tomcat].[localhost].[/]       : Initializing Spring embedded WebApplicationContext
2023-03-24 00:57:31.750  INFO 10148 --- [restartedMain] w.s.c.ServletWebServerApplicationContext : Root WebApplicationContext: initialization completed in 1858 ms
2023-03-24 00:57:31.983  INFO 10148 --- [restartedMain] o.hibernate.jpa.internal.util.LogHelper  : HHH000204: Processing PersistenceUnitInfo [name: default]
2023-03-24 00:57:32.030  INFO 10148 --- [restartedMain] org.hibernate.Version                    : HHH000412: Hibernate ORM core version 5.6.14.Final
2023-03-24 00:57:32.226  INFO 10148 --- [restartedMain] o.hibernate.annotations.common.Version   : HCANN000001: Hibernate Commons Annotations {5.1.2.Final}
2023-03-24 00:57:32.334  INFO 10148 --- [restartedMain] com.zaxxer.hikari.HikariDataSource       : HikariPool-1 - Starting...
2023-03-24 00:57:32.799  INFO 10148 --- [restartedMain] com.zaxxer.hikari.HikariDataSource       : HikariPool-1 - Start completed.
2023-03-24 00:57:32.900  INFO 10148 --- [restartedMain] org.hibernate.dialect.Dialect            : HHH000400: Using dialect: org.hibernate.dialect.MySQL57Dialect
2023-03-24 00:57:34.050  INFO 10148 --- [restartedMain] o.h.e.t.j.p.i.JtaPlatformInitiator       : HHH000490: Using JtaPlatform implementation: [org.hibernate.engine.transaction.jta.platform.internal.NoJtaPlatform]
2023-03-24 00:57:34.059  INFO 10148 --- [restartedMain] j.LocalContainerEntityManagerFactoryBean : Initialized JPA EntityManagerFactory for persistence unit 'default'
2023-03-24 00:57:34.528  WARN 10148 --- [restartedMain] JpaBaseConfiguration$JpaWebConfiguration : spring.jpa.open-in-view is enabled by default. Therefore, database queries may be performed during view rendering. Explicitly configure spring.jpa.open-in-view to disable this warning
2023-03-24 00:57:34.945  INFO 10148 --- [restartedMain] o.s.b.d.a.OptionalLiveReloadServer       : LiveReload server is running on port 35729
2023-03-24 00:57:34.991  INFO 10148 --- [restartedMain] o.s.b.w.embedded.tomcat.TomcatWebServer  : Tomcat started on port(s): 8081 (http) with context path ''
2023-03-24 00:57:35.010  INFO 10148 --- [restartedMain] c.e.votingapp.VotingAppApplication       : Started VotingAppApplication in 5.789 seconds (JVM running for 7.121)
2023-03-24 01:03:21.440  INFO 10148 --- [SpringApplicationShutdownHook] j.LocalContainerEntityManagerFactoryBean : Closing JPA EntityManagerFactory for persistence unit 'default'
2023-03-24 01:03:21.470  INFO 10148 --- [SpringApplicationShutdownHook] com.zaxxer.hikari.HikariDataSource       : HikariPool-1 - Shutdown initiated...
2023-03-24 01:03:21.493  INFO 10148 --- [SpringApplicationShutdownHook] com.zaxxer.hikari.HikariDataSource       : HikariPool-1 - Shutdown completed.
2023-03-24 01:03:48.928  INFO 4924 --- [restartedMain] c.e.votingapp.VotingAppApplication       : Starting VotingAppApplication using Java 19.0.2 on Captain_Kid with PID 4924 (C:\Users\iyoge\OneDrive\Desktop\Votinng App Final\target\classes started by iyoge in C:\Users\iyoge\OneDrive\Desktop\Votinng App Final)
2023-03-24 01:03:48.932  INFO 4924 --- [restartedMain] c.e.votingapp.VotingAppApplication       : No active profile set, falling back to 1 default profile: "default"
2023-03-24 01:03:49.091  INFO 4924 --- [restartedMain] .e.DevToolsPropertyDefaultsPostProcessor : Devtools property defaults active! Set 'spring.devtools.add-properties' to 'false' to disable
2023-03-24 01:03:49.092  INFO 4924 --- [restartedMain] .e.DevToolsPropertyDefaultsPostProcessor : For additional web related logging consider setting the 'logging.level.web' property to 'DEBUG'
2023-03-24 01:03:51.035  INFO 4924 --- [restartedMain] .s.d.r.c.RepositoryConfigurationDelegate : Bootstrapping Spring Data JPA repositories in DEFAULT mode.
2023-03-24 01:03:51.274  INFO 4924 --- [restartedMain] .s.d.r.c.RepositoryConfigurationDelegate : Finished Spring Data repository scanning in 208 ms. Found 3 JPA repository interfaces.
2023-03-24 01:03:53.179  INFO 4924 --- [restartedMain] o.s.b.w.embedded.tomcat.TomcatWebServer  : Tomcat initialized with port(s): 8081 (http)
2023-03-24 01:03:53.197  INFO 4924 --- [restartedMain] o.apache.catalina.core.StandardService   : Starting service [Tomcat]
2023-03-24 01:03:53.201  INFO 4924 --- [restartedMain] org.apache.catalina.core.StandardEngine  : Starting Servlet engine: [Apache Tomcat/9.0.69]
2023-03-24 01:03:53.613  INFO 4924 --- [restartedMain] o.a.c.c.C.[Tomcat].[localhost].[/]       : Initializing Spring embedded WebApplicationContext
2023-03-24 01:03:53.614  INFO 4924 --- [restartedMain] w.s.c.ServletWebServerApplicationContext : Root WebApplicationContext: initialization completed in 4521 ms
2023-03-24 01:03:54.275  INFO 4924 --- [restartedMain] o.hibernate.jpa.internal.util.LogHelper  : HHH000204: Processing PersistenceUnitInfo [name: default]
2023-03-24 01:03:54.664  INFO 4924 --- [restartedMain] org.hibernate.Version                    : HHH000412: Hibernate ORM core version 5.6.14.Final
2023-03-24 01:03:55.506  INFO 4924 --- [restartedMain] o.hibernate.annotations.common.Version   : HCANN000001: Hibernate Commons Annotations {5.1.2.Final}
2023-03-24 01:03:55.854  INFO 4924 --- [restartedMain] com.zaxxer.hikari.HikariDataSource       : HikariPool-1 - Starting...
2023-03-24 01:03:56.709  INFO 4924 --- [restartedMain] com.zaxxer.hikari.HikariDataSource       : HikariPool-1 - Start completed.
2023-03-24 01:03:56.777  INFO 4924 --- [restartedMain] org.hibernate.dialect.Dialect            : HHH000400: Using dialect: org.hibernate.dialect.MySQL57Dialect
2023-03-24 01:03:58.683  INFO 4924 --- [restartedMain] o.h.e.t.j.p.i.JtaPlatformInitiator       : HHH000490: Using JtaPlatform implementation: [org.hibernate.engine.transaction.jta.platform.internal.NoJtaPlatform]
2023-03-24 01:03:58.716  INFO 4924 --- [restartedMain] j.LocalContainerEntityManagerFactoryBean : Initialized JPA EntityManagerFactory for persistence unit 'default'
2023-03-24 01:03:59.959  WARN 4924 --- [restartedMain] JpaBaseConfiguration$JpaWebConfiguration : spring.jpa.open-in-view is enabled by default. Therefore, database queries may be performed during view rendering. Explicitly configure spring.jpa.open-in-view to disable this warning
2023-03-24 01:04:00.821  INFO 4924 --- [restartedMain] o.s.b.d.a.OptionalLiveReloadServer       : LiveReload server is running on port 35729
2023-03-24 01:04:00.889  INFO 4924 --- [restartedMain] o.s.b.w.embedded.tomcat.TomcatWebServer  : Tomcat started on port(s): 8081 (http) with context path ''
2023-03-24 01:04:00.908  INFO 4924 --- [restartedMain] c.e.votingapp.VotingAppApplication       : Started VotingAppApplication in 13.026 seconds (JVM running for 15.816)
2023-03-24 01:04:36.493  INFO 4924 --- [http-nio-8081-exec-2] o.a.c.c.C.[Tomcat].[localhost].[/]       : Initializing Spring DispatcherServlet 'dispatcherServlet'
2023-03-24 01:04:36.496  INFO 4924 --- [http-nio-8081-exec-2] o.s.web.servlet.DispatcherServlet        : Initializing Servlet 'dispatcherServlet'
2023-03-24 01:04:36.526  INFO 4924 --- [http-nio-8081-exec-2] o.s.web.servlet.DispatcherServlet        : Completed initialization in 29 ms
2023-03-24 01:04:36.625  WARN 4924 --- [http-nio-8081-exec-2] .w.s.m.s.DefaultHandlerExceptionResolver : Resolved [org.springframework.web.bind.MissingServletRequestParameterException: Required request parameter 'userId' for method parameter type int is not present]
2023-03-24 01:05:22.498  WARN 4924 --- [http-nio-8081-exec-4] .w.s.m.s.DefaultHandlerExceptionResolver : Resolved [org.springframework.web.method.annotation.MethodArgumentTypeMismatchException: Failed to convert value of type 'java.lang.String' to required type 'int'; nested exception is java.lang.NumberFormatException: For input string: ""]
2023-03-24 01:14:36.076  INFO 4924 --- [http-nio-8081-exec-3] o.apache.coyote.http11.Http11Processor   : Error parsing HTTP request header
 Note: further occurrences of HTTP request parsing errors will be logged at DEBUG level.

java.lang.IllegalArgumentException: Invalid character found in the request target [/UserPage/UserData?userId={localStorage.getItem(%22UserID%22)} ]. The valid characters are defined in RFC 7230 and RFC 3986
	at org.apache.coyote.http11.Http11InputBuffer.parseRequestLine(Http11InputBuffer.java:494) ~[tomcat-embed-core-9.0.69.jar:9.0.69]
	at org.apache.coyote.http11.Http11Processor.service(Http11Processor.java:271) ~[tomcat-embed-core-9.0.69.jar:9.0.69]
	at org.apache.coyote.AbstractProcessorLight.process(AbstractProcessorLight.java:65) ~[tomcat-embed-core-9.0.69.jar:9.0.69]
	at org.apache.coyote.AbstractProtocol$ConnectionHandler.process(AbstractProtocol.java:891) ~[tomcat-embed-core-9.0.69.jar:9.0.69]
	at org.apache.tomcat.util.net.NioEndpoint$SocketProcessor.doRun(NioEndpoint.java:1784) ~[tomcat-embed-core-9.0.69.jar:9.0.69]
	at org.apache.tomcat.util.net.SocketProcessorBase.run(SocketProcessorBase.java:49) ~[tomcat-embed-core-9.0.69.jar:9.0.69]
	at org.apache.tomcat.util.threads.ThreadPoolExecutor.runWorker(ThreadPoolExecutor.java:1191) ~[tomcat-embed-core-9.0.69.jar:9.0.69]
	at org.apache.tomcat.util.threads.ThreadPoolExecutor$Worker.run(ThreadPoolExecutor.java:659) ~[tomcat-embed-core-9.0.69.jar:9.0.69]
	at org.apache.tomcat.util.threads.TaskThread$WrappingRunnable.run(TaskThread.java:61) ~[tomcat-embed-core-9.0.69.jar:9.0.69]
	at java.base/java.lang.Thread.run(Thread.java:1589) ~[na:na]

2023-03-24 01:14:54.996  INFO 4924 --- [http-nio-8081-exec-7] o.apache.coyote.http11.Http11Processor   : Error parsing HTTP request header
 Note: further occurrences of HTTP request parsing errors will be logged at DEBUG level.

java.lang.IllegalArgumentException: Invalid character found in the request target [/UserPage/UserData?userId={localStorage.getItem(%22UserID%22)} ]. The valid characters are defined in RFC 7230 and RFC 3986
	at org.apache.coyote.http11.Http11InputBuffer.parseRequestLine(Http11InputBuffer.java:494) ~[tomcat-embed-core-9.0.69.jar:9.0.69]
	at org.apache.coyote.http11.Http11Processor.service(Http11Processor.java:271) ~[tomcat-embed-core-9.0.69.jar:9.0.69]
	at org.apache.coyote.AbstractProcessorLight.process(AbstractProcessorLight.java:65) ~[tomcat-embed-core-9.0.69.jar:9.0.69]
	at org.apache.coyote.AbstractProtocol$ConnectionHandler.process(AbstractProtocol.java:891) ~[tomcat-embed-core-9.0.69.jar:9.0.69]
	at org.apache.tomcat.util.net.NioEndpoint$SocketProcessor.doRun(NioEndpoint.java:1784) ~[tomcat-embed-core-9.0.69.jar:9.0.69]
	at org.apache.tomcat.util.net.SocketProcessorBase.run(SocketProcessorBase.java:49) ~[tomcat-embed-core-9.0.69.jar:9.0.69]
	at org.apache.tomcat.util.threads.ThreadPoolExecutor.runWorker(ThreadPoolExecutor.java:1191) ~[tomcat-embed-core-9.0.69.jar:9.0.69]
	at org.apache.tomcat.util.threads.ThreadPoolExecutor$Worker.run(ThreadPoolExecutor.java:659) ~[tomcat-embed-core-9.0.69.jar:9.0.69]
	at org.apache.tomcat.util.threads.TaskThread$WrappingRunnable.run(TaskThread.java:61) ~[tomcat-embed-core-9.0.69.jar:9.0.69]
	at java.base/java.lang.Thread.run(Thread.java:1589) ~[na:na]

2023-03-24 01:22:05.359  INFO 4924 --- [SpringApplicationShutdownHook] j.LocalContainerEntityManagerFactoryBean : Closing JPA EntityManagerFactory for persistence unit 'default'
2023-03-24 01:22:05.387  INFO 4924 --- [SpringApplicationShutdownHook] com.zaxxer.hikari.HikariDataSource       : HikariPool-1 - Shutdown initiated...
2023-03-24 01:22:05.409  INFO 4924 --- [SpringApplicationShutdownHook] com.zaxxer.hikari.HikariDataSource       : HikariPool-1 - Shutdown completed.
2023-03-24 01:22:12.738  INFO 8952 --- [restartedMain] c.e.votingapp.VotingAppApplication       : Starting VotingAppApplication using Java 19.0.2 on Captain_Kid with PID 8952 (C:\Users\iyoge\OneDrive\Desktop\Votinng App Final\target\classes started by iyoge in C:\Users\iyoge\OneDrive\Desktop\Votinng App Final)
2023-03-24 01:22:12.739  INFO 8952 --- [restartedMain] c.e.votingapp.VotingAppApplication       : No active profile set, falling back to 1 default profile: "default"
2023-03-24 01:22:12.825  INFO 8952 --- [restartedMain] .e.DevToolsPropertyDefaultsPostProcessor : Devtools property defaults active! Set 'spring.devtools.add-properties' to 'false' to disable
2023-03-24 01:22:12.825  INFO 8952 --- [restartedMain] .e.DevToolsPropertyDefaultsPostProcessor : For additional web related logging consider setting the 'logging.level.web' property to 'DEBUG'
2023-03-24 01:22:13.708  INFO 8952 --- [restartedMain] .s.d.r.c.RepositoryConfigurationDelegate : Bootstrapping Spring Data JPA repositories in DEFAULT mode.
2023-03-24 01:22:13.793  INFO 8952 --- [restartedMain] .s.d.r.c.RepositoryConfigurationDelegate : Finished Spring Data repository scanning in 72 ms. Found 3 JPA repository interfaces.
2023-03-24 01:22:14.526  INFO 8952 --- [restartedMain] o.s.b.w.embedded.tomcat.TomcatWebServer  : Tomcat initialized with port(s): 8081 (http)
2023-03-24 01:22:14.539  INFO 8952 --- [restartedMain] o.apache.catalina.core.StandardService   : Starting service [Tomcat]
2023-03-24 01:22:14.539  INFO 8952 --- [restartedMain] org.apache.catalina.core.StandardEngine  : Starting Servlet engine: [Apache Tomcat/9.0.69]
2023-03-24 01:22:14.621  INFO 8952 --- [restartedMain] o.a.c.c.C.[Tomcat].[localhost].[/]       : Initializing Spring embedded WebApplicationContext
2023-03-24 01:22:14.621  INFO 8952 --- [restartedMain] w.s.c.ServletWebServerApplicationContext : Root WebApplicationContext: initialization completed in 1795 ms
2023-03-24 01:22:14.854  INFO 8952 --- [restartedMain] o.hibernate.jpa.internal.util.LogHelper  : HHH000204: Processing PersistenceUnitInfo [name: default]
2023-03-24 01:22:14.921  INFO 8952 --- [restartedMain] org.hibernate.Version                    : HHH000412: Hibernate ORM core version 5.6.14.Final
2023-03-24 01:22:15.133  INFO 8952 --- [restartedMain] o.hibernate.annotations.common.Version   : HCANN000001: Hibernate Commons Annotations {5.1.2.Final}
2023-03-24 01:22:15.256  INFO 8952 --- [restartedMain] com.zaxxer.hikari.HikariDataSource       : HikariPool-1 - Starting...
2023-03-24 01:22:15.673  INFO 8952 --- [restartedMain] com.zaxxer.hikari.HikariDataSource       : HikariPool-1 - Start completed.
2023-03-24 01:22:15.706  INFO 8952 --- [restartedMain] org.hibernate.dialect.Dialect            : HHH000400: Using dialect: org.hibernate.dialect.MySQL57Dialect
2023-03-24 01:22:16.874  INFO 8952 --- [restartedMain] o.h.e.t.j.p.i.JtaPlatformInitiator       : HHH000490: Using JtaPlatform implementation: [org.hibernate.engine.transaction.jta.platform.internal.NoJtaPlatform]
2023-03-24 01:22:16.883  INFO 8952 --- [restartedMain] j.LocalContainerEntityManagerFactoryBean : Initialized JPA EntityManagerFactory for persistence unit 'default'
2023-03-24 01:22:17.569  WARN 8952 --- [restartedMain] JpaBaseConfiguration$JpaWebConfiguration : spring.jpa.open-in-view is enabled by default. Therefore, database queries may be performed during view rendering. Explicitly configure spring.jpa.open-in-view to disable this warning
2023-03-24 01:22:18.767  INFO 8952 --- [restartedMain] o.s.b.d.a.OptionalLiveReloadServer       : LiveReload server is running on port 35729
2023-03-24 01:22:18.828  INFO 8952 --- [restartedMain] o.s.b.w.embedded.tomcat.TomcatWebServer  : Tomcat started on port(s): 8081 (http) with context path ''
2023-03-24 01:22:18.848  INFO 8952 --- [restartedMain] c.e.votingapp.VotingAppApplication       : Started VotingAppApplication in 6.75 seconds (JVM running for 8.107)
2023-03-24 01:22:33.047  INFO 8952 --- [http-nio-8081-exec-1] o.apache.coyote.http11.Http11Processor   : Error parsing HTTP request header
 Note: further occurrences of HTTP request parsing errors will be logged at DEBUG level.

java.lang.IllegalArgumentException: Invalid character found in the request target [/UserPage/UserData?userId=0} ]. The valid characters are defined in RFC 7230 and RFC 3986
	at org.apache.coyote.http11.Http11InputBuffer.parseRequestLine(Http11InputBuffer.java:494) ~[tomcat-embed-core-9.0.69.jar:9.0.69]
	at org.apache.coyote.http11.Http11Processor.service(Http11Processor.java:271) ~[tomcat-embed-core-9.0.69.jar:9.0.69]
	at org.apache.coyote.AbstractProcessorLight.process(AbstractProcessorLight.java:65) ~[tomcat-embed-core-9.0.69.jar:9.0.69]
	at org.apache.coyote.AbstractProtocol$ConnectionHandler.process(AbstractProtocol.java:891) ~[tomcat-embed-core-9.0.69.jar:9.0.69]
	at org.apache.tomcat.util.net.NioEndpoint$SocketProcessor.doRun(NioEndpoint.java:1784) ~[tomcat-embed-core-9.0.69.jar:9.0.69]
	at org.apache.tomcat.util.net.SocketProcessorBase.run(SocketProcessorBase.java:49) ~[tomcat-embed-core-9.0.69.jar:9.0.69]
	at org.apache.tomcat.util.threads.ThreadPoolExecutor.runWorker(ThreadPoolExecutor.java:1191) ~[tomcat-embed-core-9.0.69.jar:9.0.69]
	at org.apache.tomcat.util.threads.ThreadPoolExecutor$Worker.run(ThreadPoolExecutor.java:659) ~[tomcat-embed-core-9.0.69.jar:9.0.69]
	at org.apache.tomcat.util.threads.TaskThread$WrappingRunnable.run(TaskThread.java:61) ~[tomcat-embed-core-9.0.69.jar:9.0.69]
	at java.base/java.lang.Thread.run(Thread.java:1589) ~[na:na]

2023-03-24 01:22:33.079  INFO 8952 --- [http-nio-8081-exec-2] o.a.c.c.C.[Tomcat].[localhost].[/]       : Initializing Spring DispatcherServlet 'dispatcherServlet'
2023-03-24 01:22:33.079  INFO 8952 --- [http-nio-8081-exec-2] o.s.web.servlet.DispatcherServlet        : Initializing Servlet 'dispatcherServlet'
2023-03-24 01:22:33.081  INFO 8952 --- [http-nio-8081-exec-2] o.s.web.servlet.DispatcherServlet        : Completed initialization in 2 ms
2023-03-24 01:23:37.331  INFO 8952 --- [http-nio-8081-exec-9] o.apache.coyote.http11.Http11Processor   : Error parsing HTTP request header
 Note: further occurrences of HTTP request parsing errors will be logged at DEBUG level.

java.lang.IllegalArgumentException: Invalid character found in the request target [/UserPage/UserData?userId=0} ]. The valid characters are defined in RFC 7230 and RFC 3986
	at org.apache.coyote.http11.Http11InputBuffer.parseRequestLine(Http11InputBuffer.java:494) ~[tomcat-embed-core-9.0.69.jar:9.0.69]
	at org.apache.coyote.http11.Http11Processor.service(Http11Processor.java:271) ~[tomcat-embed-core-9.0.69.jar:9.0.69]
	at org.apache.coyote.AbstractProcessorLight.process(AbstractProcessorLight.java:65) ~[tomcat-embed-core-9.0.69.jar:9.0.69]
	at org.apache.coyote.AbstractProtocol$ConnectionHandler.process(AbstractProtocol.java:891) ~[tomcat-embed-core-9.0.69.jar:9.0.69]
	at org.apache.tomcat.util.net.NioEndpoint$SocketProcessor.doRun(NioEndpoint.java:1784) ~[tomcat-embed-core-9.0.69.jar:9.0.69]
	at org.apache.tomcat.util.net.SocketProcessorBase.run(SocketProcessorBase.java:49) ~[tomcat-embed-core-9.0.69.jar:9.0.69]
	at org.apache.tomcat.util.threads.ThreadPoolExecutor.runWorker(ThreadPoolExecutor.java:1191) ~[tomcat-embed-core-9.0.69.jar:9.0.69]
	at org.apache.tomcat.util.threads.ThreadPoolExecutor$Worker.run(ThreadPoolExecutor.java:659) ~[tomcat-embed-core-9.0.69.jar:9.0.69]
	at org.apache.tomcat.util.threads.TaskThread$WrappingRunnable.run(TaskThread.java:61) ~[tomcat-embed-core-9.0.69.jar:9.0.69]
	at java.base/java.lang.Thread.run(Thread.java:1589) ~[na:na]

2023-03-24 01:25:20.730  WARN 8952 --- [http-nio-8081-exec-9] .w.s.m.s.DefaultHandlerExceptionResolver : Resolved [org.springframework.web.bind.MissingServletRequestParameterException: Required request parameter 'userId' for method parameter type int is not present]
2023-03-24 01:56:09.791  INFO 8952 --- [SpringApplicationShutdownHook] j.LocalContainerEntityManagerFactoryBean : Closing JPA EntityManagerFactory for persistence unit 'default'
2023-03-24 01:56:09.837  INFO 8952 --- [SpringApplicationShutdownHook] com.zaxxer.hikari.HikariDataSource       : HikariPool-1 - Shutdown initiated...
2023-03-24 01:56:09.860  INFO 8952 --- [SpringApplicationShutdownHook] com.zaxxer.hikari.HikariDataSource       : HikariPool-1 - Shutdown completed.
2023-03-24 01:56:20.426  INFO 17180 --- [restartedMain] c.e.votingapp.VotingAppApplication       : Starting VotingAppApplication using Java 19.0.2 on Captain_Kid with PID 17180 (C:\Users\iyoge\OneDrive\Desktop\Votinng App Final\target\classes started by iyoge in C:\Users\iyoge\OneDrive\Desktop\Votinng App Final)
2023-03-24 01:56:20.432  INFO 17180 --- [restartedMain] c.e.votingapp.VotingAppApplication       : No active profile set, falling back to 1 default profile: "default"
2023-03-24 01:56:20.518  INFO 17180 --- [restartedMain] .e.DevToolsPropertyDefaultsPostProcessor : Devtools property defaults active! Set 'spring.devtools.add-properties' to 'false' to disable
2023-03-24 01:56:20.519  INFO 17180 --- [restartedMain] .e.DevToolsPropertyDefaultsPostProcessor : For additional web related logging consider setting the 'logging.level.web' property to 'DEBUG'
2023-03-24 01:56:21.350  INFO 17180 --- [restartedMain] .s.d.r.c.RepositoryConfigurationDelegate : Bootstrapping Spring Data JPA repositories in DEFAULT mode.
2023-03-24 01:56:21.443  INFO 17180 --- [restartedMain] .s.d.r.c.RepositoryConfigurationDelegate : Finished Spring Data repository scanning in 79 ms. Found 3 JPA repository interfaces.
2023-03-24 01:56:22.152  INFO 17180 --- [restartedMain] o.s.b.w.embedded.tomcat.TomcatWebServer  : Tomcat initialized with port(s): 8081 (http)
2023-03-24 01:56:22.169  INFO 17180 --- [restartedMain] o.apache.catalina.core.StandardService   : Starting service [Tomcat]
2023-03-24 01:56:22.169  INFO 17180 --- [restartedMain] org.apache.catalina.core.StandardEngine  : Starting Servlet engine: [Apache Tomcat/9.0.69]
2023-03-24 01:56:22.266  INFO 17180 --- [restartedMain] o.a.c.c.C.[Tomcat].[localhost].[/]       : Initializing Spring embedded WebApplicationContext
2023-03-24 01:56:22.267  INFO 17180 --- [restartedMain] w.s.c.ServletWebServerApplicationContext : Root WebApplicationContext: initialization completed in 1747 ms
2023-03-24 01:56:22.521  INFO 17180 --- [restartedMain] o.hibernate.jpa.internal.util.LogHelper  : HHH000204: Processing PersistenceUnitInfo [name: default]
2023-03-24 01:56:22.588  INFO 17180 --- [restartedMain] org.hibernate.Version                    : HHH000412: Hibernate ORM core version 5.6.14.Final
2023-03-24 01:56:22.785  INFO 17180 --- [restartedMain] o.hibernate.annotations.common.Version   : HCANN000001: Hibernate Commons Annotations {5.1.2.Final}
2023-03-24 01:56:22.908  INFO 17180 --- [restartedMain] com.zaxxer.hikari.HikariDataSource       : HikariPool-1 - Starting...
2023-03-24 01:56:23.335  INFO 17180 --- [restartedMain] com.zaxxer.hikari.HikariDataSource       : HikariPool-1 - Start completed.
2023-03-24 01:56:23.375  INFO 17180 --- [restartedMain] org.hibernate.dialect.Dialect            : HHH000400: Using dialect: org.hibernate.dialect.MySQL57Dialect
2023-03-24 01:56:24.115  INFO 17180 --- [restartedMain] o.h.e.t.j.p.i.JtaPlatformInitiator       : HHH000490: Using JtaPlatform implementation: [org.hibernate.engine.transaction.jta.platform.internal.NoJtaPlatform]
2023-03-24 01:56:24.126  INFO 17180 --- [restartedMain] j.LocalContainerEntityManagerFactoryBean : Initialized JPA EntityManagerFactory for persistence unit 'default'
2023-03-24 01:56:24.555  WARN 17180 --- [restartedMain] JpaBaseConfiguration$JpaWebConfiguration : spring.jpa.open-in-view is enabled by default. Therefore, database queries may be performed during view rendering. Explicitly configure spring.jpa.open-in-view to disable this warning
2023-03-24 01:56:24.928  INFO 17180 --- [restartedMain] o.s.b.d.a.OptionalLiveReloadServer       : LiveReload server is running on port 35729
2023-03-24 01:56:24.966  INFO 17180 --- [restartedMain] o.s.b.w.embedded.tomcat.TomcatWebServer  : Tomcat started on port(s): 8081 (http) with context path ''
2023-03-24 01:56:24.976  INFO 17180 --- [restartedMain] c.e.votingapp.VotingAppApplication       : Started VotingAppApplication in 5.142 seconds (JVM running for 6.396)
2023-03-24 01:56:32.079  INFO 17180 --- [http-nio-8081-exec-1] o.a.c.c.C.[Tomcat].[localhost].[/]       : Initializing Spring DispatcherServlet 'dispatcherServlet'
2023-03-24 01:56:32.080  INFO 17180 --- [http-nio-8081-exec-1] o.s.web.servlet.DispatcherServlet        : Initializing Servlet 'dispatcherServlet'
2023-03-24 01:56:32.082  INFO 17180 --- [http-nio-8081-exec-1] o.s.web.servlet.DispatcherServlet        : Completed initialization in 2 ms
2023-03-24 02:10:10.493  INFO 17180 --- [SpringApplicationShutdownHook] j.LocalContainerEntityManagerFactoryBean : Closing JPA EntityManagerFactory for persistence unit 'default'
2023-03-24 02:10:10.561  INFO 17180 --- [SpringApplicationShutdownHook] com.zaxxer.hikari.HikariDataSource       : HikariPool-1 - Shutdown initiated...
2023-03-24 02:10:10.614  INFO 17180 --- [SpringApplicationShutdownHook] com.zaxxer.hikari.HikariDataSource       : HikariPool-1 - Shutdown completed.
2023-03-24 02:10:21.516  INFO 1780 --- [restartedMain] c.e.votingapp.VotingAppApplication       : Starting VotingAppApplication using Java 19.0.2 on Captain_Kid with PID 1780 (C:\Users\iyoge\OneDrive\Desktop\Votinng App Final\target\classes started by iyoge in C:\Users\iyoge\OneDrive\Desktop\Votinng App Final)
2023-03-24 02:10:21.518  INFO 1780 --- [restartedMain] c.e.votingapp.VotingAppApplication       : No active profile set, falling back to 1 default profile: "default"
2023-03-24 02:10:21.708  INFO 1780 --- [restartedMain] .e.DevToolsPropertyDefaultsPostProcessor : Devtools property defaults active! Set 'spring.devtools.add-properties' to 'false' to disable
2023-03-24 02:10:21.709  INFO 1780 --- [restartedMain] .e.DevToolsPropertyDefaultsPostProcessor : For additional web related logging consider setting the 'logging.level.web' property to 'DEBUG'
2023-03-24 02:10:22.783  INFO 1780 --- [restartedMain] .s.d.r.c.RepositoryConfigurationDelegate : Bootstrapping Spring Data JPA repositories in DEFAULT mode.
2023-03-24 02:10:22.871  INFO 1780 --- [restartedMain] .s.d.r.c.RepositoryConfigurationDelegate : Finished Spring Data repository scanning in 74 ms. Found 3 JPA repository interfaces.
2023-03-24 02:10:23.836  INFO 1780 --- [restartedMain] o.s.b.w.embedded.tomcat.TomcatWebServer  : Tomcat initialized with port(s): 8081 (http)
2023-03-24 02:10:23.844  INFO 1780 --- [restartedMain] o.apache.catalina.core.StandardService   : Starting service [Tomcat]
2023-03-24 02:10:23.845  INFO 1780 --- [restartedMain] org.apache.catalina.core.StandardEngine  : Starting Servlet engine: [Apache Tomcat/9.0.69]
2023-03-24 02:10:23.947  INFO 1780 --- [restartedMain] o.a.c.c.C.[Tomcat].[localhost].[/]       : Initializing Spring embedded WebApplicationContext
2023-03-24 02:10:23.948  INFO 1780 --- [restartedMain] w.s.c.ServletWebServerApplicationContext : Root WebApplicationContext: initialization completed in 2237 ms
2023-03-24 02:10:24.189  INFO 1780 --- [restartedMain] o.hibernate.jpa.internal.util.LogHelper  : HHH000204: Processing PersistenceUnitInfo [name: default]
2023-03-24 02:10:24.264  INFO 1780 --- [restartedMain] org.hibernate.Version                    : HHH000412: Hibernate ORM core version 5.6.14.Final
2023-03-24 02:10:24.531  INFO 1780 --- [restartedMain] o.hibernate.annotations.common.Version   : HCANN000001: Hibernate Commons Annotations {5.1.2.Final}
2023-03-24 02:10:24.647  INFO 1780 --- [restartedMain] com.zaxxer.hikari.HikariDataSource       : HikariPool-1 - Starting...
2023-03-24 02:10:25.074  INFO 1780 --- [restartedMain] com.zaxxer.hikari.HikariDataSource       : HikariPool-1 - Start completed.
2023-03-24 02:10:25.107  INFO 1780 --- [restartedMain] org.hibernate.dialect.Dialect            : HHH000400: Using dialect: org.hibernate.dialect.MySQL57Dialect
2023-03-24 02:10:25.906  INFO 1780 --- [restartedMain] o.h.e.t.j.p.i.JtaPlatformInitiator       : HHH000490: Using JtaPlatform implementation: [org.hibernate.engine.transaction.jta.platform.internal.NoJtaPlatform]
2023-03-24 02:10:25.914  INFO 1780 --- [restartedMain] j.LocalContainerEntityManagerFactoryBean : Initialized JPA EntityManagerFactory for persistence unit 'default'
2023-03-24 02:10:26.413  WARN 1780 --- [restartedMain] JpaBaseConfiguration$JpaWebConfiguration : spring.jpa.open-in-view is enabled by default. Therefore, database queries may be performed during view rendering. Explicitly configure spring.jpa.open-in-view to disable this warning
2023-03-24 02:10:27.020  INFO 1780 --- [restartedMain] o.s.b.d.a.OptionalLiveReloadServer       : LiveReload server is running on port 35729
2023-03-24 02:10:27.062  INFO 1780 --- [restartedMain] o.s.b.w.embedded.tomcat.TomcatWebServer  : Tomcat started on port(s): 8081 (http) with context path ''
2023-03-24 02:10:27.075  INFO 1780 --- [restartedMain] c.e.votingapp.VotingAppApplication       : Started VotingAppApplication in 6.193 seconds (JVM running for 7.55)
2023-03-24 02:11:00.754  INFO 1780 --- [SpringApplicationShutdownHook] j.LocalContainerEntityManagerFactoryBean : Closing JPA EntityManagerFactory for persistence unit 'default'
2023-03-24 02:11:00.760  INFO 1780 --- [SpringApplicationShutdownHook] com.zaxxer.hikari.HikariDataSource       : HikariPool-1 - Shutdown initiated...
2023-03-24 02:11:00.769  INFO 1780 --- [SpringApplicationShutdownHook] com.zaxxer.hikari.HikariDataSource       : HikariPool-1 - Shutdown completed.
2023-03-24 02:11:10.219  INFO 2336 --- [restartedMain] c.e.votingapp.VotingAppApplication       : Starting VotingAppApplication using Java 19.0.2 on Captain_Kid with PID 2336 (C:\Users\iyoge\OneDrive\Desktop\Votinng App Final\target\classes started by iyoge in C:\Users\iyoge\OneDrive\Desktop\Votinng App Final)
2023-03-24 02:11:10.221  INFO 2336 --- [restartedMain] c.e.votingapp.VotingAppApplication       : No active profile set, falling back to 1 default profile: "default"
2023-03-24 02:11:10.299  INFO 2336 --- [restartedMain] .e.DevToolsPropertyDefaultsPostProcessor : Devtools property defaults active! Set 'spring.devtools.add-properties' to 'false' to disable
2023-03-24 02:11:10.300  INFO 2336 --- [restartedMain] .e.DevToolsPropertyDefaultsPostProcessor : For additional web related logging consider setting the 'logging.level.web' property to 'DEBUG'
2023-03-24 02:11:11.268  INFO 2336 --- [restartedMain] .s.d.r.c.RepositoryConfigurationDelegate : Bootstrapping Spring Data JPA repositories in DEFAULT mode.
2023-03-24 02:11:11.360  INFO 2336 --- [restartedMain] .s.d.r.c.RepositoryConfigurationDelegate : Finished Spring Data repository scanning in 81 ms. Found 3 JPA repository interfaces.
2023-03-24 02:11:12.156  INFO 2336 --- [restartedMain] o.s.b.w.embedded.tomcat.TomcatWebServer  : Tomcat initialized with port(s): 8081 (http)
2023-03-24 02:11:12.169  INFO 2336 --- [restartedMain] o.apache.catalina.core.StandardService   : Starting service [Tomcat]
2023-03-24 02:11:12.169  INFO 2336 --- [restartedMain] org.apache.catalina.core.StandardEngine  : Starting Servlet engine: [Apache Tomcat/9.0.69]
2023-03-24 02:11:12.280  INFO 2336 --- [restartedMain] o.a.c.c.C.[Tomcat].[localhost].[/]       : Initializing Spring embedded WebApplicationContext
2023-03-24 02:11:12.281  INFO 2336 --- [restartedMain] w.s.c.ServletWebServerApplicationContext : Root WebApplicationContext: initialization completed in 1980 ms
2023-03-24 02:11:12.549  INFO 2336 --- [restartedMain] o.hibernate.jpa.internal.util.LogHelper  : HHH000204: Processing PersistenceUnitInfo [name: default]
2023-03-24 02:11:12.617  INFO 2336 --- [restartedMain] org.hibernate.Version                    : HHH000412: Hibernate ORM core version 5.6.14.Final
2023-03-24 02:11:12.875  INFO 2336 --- [restartedMain] o.hibernate.annotations.common.Version   : HCANN000001: Hibernate Commons Annotations {5.1.2.Final}
2023-03-24 02:11:13.092  INFO 2336 --- [restartedMain] com.zaxxer.hikari.HikariDataSource       : HikariPool-1 - Starting...
2023-03-24 02:11:13.452  INFO 2336 --- [restartedMain] com.zaxxer.hikari.HikariDataSource       : HikariPool-1 - Start completed.
2023-03-24 02:11:13.494  INFO 2336 --- [restartedMain] org.hibernate.dialect.Dialect            : HHH000400: Using dialect: org.hibernate.dialect.MySQL57Dialect
2023-03-24 02:11:14.203  INFO 2336 --- [restartedMain] o.h.e.t.j.p.i.JtaPlatformInitiator       : HHH000490: Using JtaPlatform implementation: [org.hibernate.engine.transaction.jta.platform.internal.NoJtaPlatform]
2023-03-24 02:11:14.213  INFO 2336 --- [restartedMain] j.LocalContainerEntityManagerFactoryBean : Initialized JPA EntityManagerFactory for persistence unit 'default'
2023-03-24 02:11:14.737  WARN 2336 --- [restartedMain] JpaBaseConfiguration$JpaWebConfiguration : spring.jpa.open-in-view is enabled by default. Therefore, database queries may be performed during view rendering. Explicitly configure spring.jpa.open-in-view to disable this warning
2023-03-24 02:11:15.313  INFO 2336 --- [restartedMain] o.s.b.d.a.OptionalLiveReloadServer       : LiveReload server is running on port 35729
2023-03-24 02:11:15.354  INFO 2336 --- [restartedMain] o.s.b.w.embedded.tomcat.TomcatWebServer  : Tomcat started on port(s): 8081 (http) with context path ''
2023-03-24 02:11:15.367  INFO 2336 --- [restartedMain] c.e.votingapp.VotingAppApplication       : Started VotingAppApplication in 5.793 seconds (JVM running for 7.504)
2023-03-24 02:20:01.927  INFO 2336 --- [http-nio-8081-exec-1] o.a.c.c.C.[Tomcat].[localhost].[/]       : Initializing Spring DispatcherServlet 'dispatcherServlet'
2023-03-24 02:20:01.933  INFO 2336 --- [http-nio-8081-exec-1] o.s.web.servlet.DispatcherServlet        : Initializing Servlet 'dispatcherServlet'
2023-03-24 02:20:01.971  INFO 2336 --- [http-nio-8081-exec-1] o.s.web.servlet.DispatcherServlet        : Completed initialization in 38 ms
2023-03-24 02:20:32.832  INFO 2336 --- [SpringApplicationShutdownHook] j.LocalContainerEntityManagerFactoryBean : Closing JPA EntityManagerFactory for persistence unit 'default'
2023-03-24 02:20:32.859  INFO 2336 --- [SpringApplicationShutdownHook] com.zaxxer.hikari.HikariDataSource       : HikariPool-1 - Shutdown initiated...
2023-03-24 02:20:32.882  INFO 2336 --- [SpringApplicationShutdownHook] com.zaxxer.hikari.HikariDataSource       : HikariPool-1 - Shutdown completed.
2023-03-24 02:20:42.159  INFO 15904 --- [restartedMain] c.e.votingapp.VotingAppApplication       : Starting VotingAppApplication using Java 19.0.2 on Captain_Kid with PID 15904 (C:\Users\iyoge\OneDrive\Desktop\Votinng App Final\target\classes started by iyoge in C:\Users\iyoge\OneDrive\Desktop\Votinng App Final)
2023-03-24 02:20:42.163  INFO 15904 --- [restartedMain] c.e.votingapp.VotingAppApplication       : No active profile set, falling back to 1 default profile: "default"
2023-03-24 02:20:42.376  INFO 15904 --- [restartedMain] .e.DevToolsPropertyDefaultsPostProcessor : Devtools property defaults active! Set 'spring.devtools.add-properties' to 'false' to disable
2023-03-24 02:20:42.376  INFO 15904 --- [restartedMain] .e.DevToolsPropertyDefaultsPostProcessor : For additional web related logging consider setting the 'logging.level.web' property to 'DEBUG'
2023-03-24 02:20:44.574  INFO 15904 --- [restartedMain] .s.d.r.c.RepositoryConfigurationDelegate : Bootstrapping Spring Data JPA repositories in DEFAULT mode.
2023-03-24 02:20:44.701  INFO 15904 --- [restartedMain] .s.d.r.c.RepositoryConfigurationDelegate : Finished Spring Data repository scanning in 110 ms. Found 3 JPA repository interfaces.
2023-03-24 02:20:45.736  INFO 15904 --- [restartedMain] o.s.b.w.embedded.tomcat.TomcatWebServer  : Tomcat initialized with port(s): 8081 (http)
2023-03-24 02:20:45.751  INFO 15904 --- [restartedMain] o.apache.catalina.core.StandardService   : Starting service [Tomcat]
2023-03-24 02:20:45.752  INFO 15904 --- [restartedMain] org.apache.catalina.core.StandardEngine  : Starting Servlet engine: [Apache Tomcat/9.0.69]
2023-03-24 02:20:45.893  INFO 15904 --- [restartedMain] o.a.c.c.C.[Tomcat].[localhost].[/]       : Initializing Spring embedded WebApplicationContext
2023-03-24 02:20:45.894  INFO 15904 --- [restartedMain] w.s.c.ServletWebServerApplicationContext : Root WebApplicationContext: initialization completed in 3515 ms
2023-03-24 02:20:46.365  INFO 15904 --- [restartedMain] o.hibernate.jpa.internal.util.LogHelper  : HHH000204: Processing PersistenceUnitInfo [name: default]
2023-03-24 02:20:46.472  INFO 15904 --- [restartedMain] org.hibernate.Version                    : HHH000412: Hibernate ORM core version 5.6.14.Final
2023-03-24 02:20:46.786  INFO 15904 --- [restartedMain] o.hibernate.annotations.common.Version   : HCANN000001: Hibernate Commons Annotations {5.1.2.Final}
2023-03-24 02:20:46.956  INFO 15904 --- [restartedMain] com.zaxxer.hikari.HikariDataSource       : HikariPool-1 - Starting...
2023-03-24 02:20:47.825  INFO 15904 --- [restartedMain] com.zaxxer.hikari.HikariDataSource       : HikariPool-1 - Start completed.
2023-03-24 02:20:47.863  INFO 15904 --- [restartedMain] org.hibernate.dialect.Dialect            : HHH000400: Using dialect: org.hibernate.dialect.MySQL57Dialect
2023-03-24 02:20:48.821  INFO 15904 --- [restartedMain] o.h.e.t.j.p.i.JtaPlatformInitiator       : HHH000490: Using JtaPlatform implementation: [org.hibernate.engine.transaction.jta.platform.internal.NoJtaPlatform]
2023-03-24 02:20:48.832  INFO 15904 --- [restartedMain] j.LocalContainerEntityManagerFactoryBean : Initialized JPA EntityManagerFactory for persistence unit 'default'
2023-03-24 02:20:49.384  WARN 15904 --- [restartedMain] JpaBaseConfiguration$JpaWebConfiguration : spring.jpa.open-in-view is enabled by default. Therefore, database queries may be performed during view rendering. Explicitly configure spring.jpa.open-in-view to disable this warning
2023-03-24 02:20:49.840  INFO 15904 --- [restartedMain] o.s.b.d.a.OptionalLiveReloadServer       : LiveReload server is running on port 35729
2023-03-24 02:20:49.884  INFO 15904 --- [restartedMain] o.s.b.w.embedded.tomcat.TomcatWebServer  : Tomcat started on port(s): 8081 (http) with context path ''
2023-03-24 02:20:49.895  INFO 15904 --- [restartedMain] c.e.votingapp.VotingAppApplication       : Started VotingAppApplication in 9.547 seconds (JVM running for 11.197)
2023-03-24 02:21:01.151  INFO 15904 --- [http-nio-8081-exec-1] o.a.c.c.C.[Tomcat].[localhost].[/]       : Initializing Spring DispatcherServlet 'dispatcherServlet'
2023-03-24 02:21:01.152  INFO 15904 --- [http-nio-8081-exec-1] o.s.web.servlet.DispatcherServlet        : Initializing Servlet 'dispatcherServlet'
2023-03-24 02:21:01.154  INFO 15904 --- [http-nio-8081-exec-1] o.s.web.servlet.DispatcherServlet        : Completed initialization in 2 ms
2023-03-24 02:21:01.228  WARN 15904 --- [http-nio-8081-exec-1] .w.s.m.s.DefaultHandlerExceptionResolver : Resolved [org.springframework.web.method.annotation.MethodArgumentTypeMismatchException: Failed to convert value of type 'java.lang.String' to required type 'int'; nested exception is java.lang.NumberFormatException: For input string: "undefined"]
2023-03-24 02:21:09.654  WARN 15904 --- [http-nio-8081-exec-2] .w.s.m.s.DefaultHandlerExceptionResolver : Resolved [org.springframework.web.method.annotation.MethodArgumentTypeMismatchException: Failed to convert value of type 'java.lang.String' to required type 'int'; nested exception is java.lang.NumberFormatException: For input string: "undefined"]
2023-03-24 02:21:09.682  WARN 15904 --- [http-nio-8081-exec-3] .w.s.m.s.DefaultHandlerExceptionResolver : Resolved [org.springframework.web.method.annotation.MethodArgumentTypeMismatchException: Failed to convert value of type 'java.lang.String' to required type 'int'; nested exception is java.lang.NumberFormatException: For input string: "undefined"]
2023-03-24 02:21:59.728  WARN 15904 --- [http-nio-8081-exec-4] .w.s.m.s.DefaultHandlerExceptionResolver : Resolved [org.springframework.web.method.annotation.MethodArgumentTypeMismatchException: Failed to convert value of type 'java.lang.String' to required type 'int'; nested exception is java.lang.NumberFormatException: For input string: "undefined"]
2023-03-24 02:22:42.079  WARN 15904 --- [http-nio-8081-exec-5] .w.s.m.s.DefaultHandlerExceptionResolver : Resolved [org.springframework.web.method.annotation.MethodArgumentTypeMismatchException: Failed to convert value of type 'java.lang.String' to required type 'int'; nested exception is java.lang.NumberFormatException: For input string: "undefined"]
2023-03-24 02:22:53.058  WARN 15904 --- [http-nio-8081-exec-6] .w.s.m.s.DefaultHandlerExceptionResolver : Resolved [org.springframework.web.method.annotation.MethodArgumentTypeMismatchException: Failed to convert value of type 'java.lang.String' to required type 'int'; nested exception is java.lang.NumberFormatException: For input string: "undefined"]
2023-03-24 02:23:04.053  WARN 15904 --- [http-nio-8081-exec-7] .w.s.m.s.DefaultHandlerExceptionResolver : Resolved [org.springframework.web.method.annotation.MethodArgumentTypeMismatchException: Failed to convert value of type 'java.lang.String' to required type 'int'; nested exception is java.lang.NumberFormatException: For input string: "undefined"]
2023-03-24 02:23:20.063  WARN 15904 --- [http-nio-8081-exec-8] .w.s.m.s.DefaultHandlerExceptionResolver : Resolved [org.springframework.web.method.annotation.MethodArgumentTypeMismatchException: Failed to convert value of type 'java.lang.String' to required type 'int'; nested exception is java.lang.NumberFormatException: For input string: "undefined"]
2023-03-24 02:23:22.075  WARN 15904 --- [http-nio-8081-exec-9] .w.s.m.s.DefaultHandlerExceptionResolver : Resolved [org.springframework.web.method.annotation.MethodArgumentTypeMismatchException: Failed to convert value of type 'java.lang.String' to required type 'int'; nested exception is java.lang.NumberFormatException: For input string: "undefined"]
2023-03-24 02:23:32.077  WARN 15904 --- [http-nio-8081-exec-10] .w.s.m.s.DefaultHandlerExceptionResolver : Resolved [org.springframework.web.method.annotation.MethodArgumentTypeMismatchException: Failed to convert value of type 'java.lang.String' to required type 'int'; nested exception is java.lang.NumberFormatException: For input string: "undefined"]
2023-03-24 02:23:34.060  WARN 15904 --- [http-nio-8081-exec-1] .w.s.m.s.DefaultHandlerExceptionResolver : Resolved [org.springframework.web.method.annotation.MethodArgumentTypeMismatchException: Failed to convert value of type 'java.lang.String' to required type 'int'; nested exception is java.lang.NumberFormatException: For input string: "undefined"]
2023-03-24 02:23:44.093  WARN 15904 --- [http-nio-8081-exec-2] .w.s.m.s.DefaultHandlerExceptionResolver : Resolved [org.springframework.web.method.annotation.MethodArgumentTypeMismatchException: Failed to convert value of type 'java.lang.String' to required type 'int'; nested exception is java.lang.NumberFormatException: For input string: "undefined"]
2023-03-24 02:26:43.400  WARN 15904 --- [http-nio-8081-exec-4] .w.s.m.s.DefaultHandlerExceptionResolver : Resolved [org.springframework.web.method.annotation.MethodArgumentTypeMismatchException: Failed to convert value of type 'java.lang.String' to required type 'int'; nested exception is java.lang.NumberFormatException: For input string: "undefined"]
2023-03-24 02:26:43.418  WARN 15904 --- [http-nio-8081-exec-5] .w.s.m.s.DefaultHandlerExceptionResolver : Resolved [org.springframework.web.method.annotation.MethodArgumentTypeMismatchException: Failed to convert value of type 'java.lang.String' to required type 'int'; nested exception is java.lang.NumberFormatException: For input string: "undefined"]
2023-03-24 02:27:30.866  INFO 15904 --- [SpringApplicationShutdownHook] j.LocalContainerEntityManagerFactoryBean : Closing JPA EntityManagerFactory for persistence unit 'default'
2023-03-24 02:27:30.873  INFO 15904 --- [SpringApplicationShutdownHook] com.zaxxer.hikari.HikariDataSource       : HikariPool-1 - Shutdown initiated...
2023-03-24 02:27:30.883  INFO 15904 --- [SpringApplicationShutdownHook] com.zaxxer.hikari.HikariDataSource       : HikariPool-1 - Shutdown completed.
2023-03-24 02:27:39.910  INFO 1296 --- [restartedMain] c.e.votingapp.VotingAppApplication       : Starting VotingAppApplication using Java 19.0.2 on Captain_Kid with PID 1296 (C:\Users\iyoge\OneDrive\Desktop\Votinng App Final\target\classes started by iyoge in C:\Users\iyoge\OneDrive\Desktop\Votinng App Final)
2023-03-24 02:27:39.913  INFO 1296 --- [restartedMain] c.e.votingapp.VotingAppApplication       : No active profile set, falling back to 1 default profile: "default"
2023-03-24 02:27:40.028  INFO 1296 --- [restartedMain] .e.DevToolsPropertyDefaultsPostProcessor : Devtools property defaults active! Set 'spring.devtools.add-properties' to 'false' to disable
2023-03-24 02:27:40.030  INFO 1296 --- [restartedMain] .e.DevToolsPropertyDefaultsPostProcessor : For additional web related logging consider setting the 'logging.level.web' property to 'DEBUG'
2023-03-24 02:27:41.472  INFO 1296 --- [restartedMain] .s.d.r.c.RepositoryConfigurationDelegate : Bootstrapping Spring Data JPA repositories in DEFAULT mode.
2023-03-24 02:27:41.620  INFO 1296 --- [restartedMain] .s.d.r.c.RepositoryConfigurationDelegate : Finished Spring Data repository scanning in 133 ms. Found 3 JPA repository interfaces.
2023-03-24 02:27:42.442  INFO 1296 --- [restartedMain] o.s.b.w.embedded.tomcat.TomcatWebServer  : Tomcat initialized with port(s): 8081 (http)
2023-03-24 02:27:42.451  INFO 1296 --- [restartedMain] o.apache.catalina.core.StandardService   : Starting service [Tomcat]
2023-03-24 02:27:42.452  INFO 1296 --- [restartedMain] org.apache.catalina.core.StandardEngine  : Starting Servlet engine: [Apache Tomcat/9.0.69]
2023-03-24 02:27:42.555  INFO 1296 --- [restartedMain] o.a.c.c.C.[Tomcat].[localhost].[/]       : Initializing Spring embedded WebApplicationContext
2023-03-24 02:27:42.555  INFO 1296 --- [restartedMain] w.s.c.ServletWebServerApplicationContext : Root WebApplicationContext: initialization completed in 2521 ms
2023-03-24 02:27:42.771  INFO 1296 --- [restartedMain] o.hibernate.jpa.internal.util.LogHelper  : HHH000204: Processing PersistenceUnitInfo [name: default]
2023-03-24 02:27:42.832  INFO 1296 --- [restartedMain] org.hibernate.Version                    : HHH000412: Hibernate ORM core version 5.6.14.Final
2023-03-24 02:27:43.043  INFO 1296 --- [restartedMain] o.hibernate.annotations.common.Version   : HCANN000001: Hibernate Commons Annotations {5.1.2.Final}
2023-03-24 02:27:43.146  INFO 1296 --- [restartedMain] com.zaxxer.hikari.HikariDataSource       : HikariPool-1 - Starting...
2023-03-24 02:27:43.556  INFO 1296 --- [restartedMain] com.zaxxer.hikari.HikariDataSource       : HikariPool-1 - Start completed.
2023-03-24 02:27:43.595  INFO 1296 --- [restartedMain] org.hibernate.dialect.Dialect            : HHH000400: Using dialect: org.hibernate.dialect.MySQL57Dialect
2023-03-24 02:27:44.347  INFO 1296 --- [restartedMain] o.h.e.t.j.p.i.JtaPlatformInitiator       : HHH000490: Using JtaPlatform implementation: [org.hibernate.engine.transaction.jta.platform.internal.NoJtaPlatform]
2023-03-24 02:27:44.355  INFO 1296 --- [restartedMain] j.LocalContainerEntityManagerFactoryBean : Initialized JPA EntityManagerFactory for persistence unit 'default'
2023-03-24 02:27:44.742  WARN 1296 --- [restartedMain] JpaBaseConfiguration$JpaWebConfiguration : spring.jpa.open-in-view is enabled by default. Therefore, database queries may be performed during view rendering. Explicitly configure spring.jpa.open-in-view to disable this warning
2023-03-24 02:27:45.181  INFO 1296 --- [restartedMain] o.s.b.d.a.OptionalLiveReloadServer       : LiveReload server is running on port 35729
2023-03-24 02:27:45.241  INFO 1296 --- [restartedMain] o.s.b.w.embedded.tomcat.TomcatWebServer  : Tomcat started on port(s): 8081 (http) with context path ''
2023-03-24 02:27:45.254  INFO 1296 --- [restartedMain] c.e.votingapp.VotingAppApplication       : Started VotingAppApplication in 5.966 seconds (JVM running for 7.47)
2023-03-24 02:28:49.975  INFO 1296 --- [http-nio-8081-exec-1] o.a.c.c.C.[Tomcat].[localhost].[/]       : Initializing Spring DispatcherServlet 'dispatcherServlet'
2023-03-24 02:28:49.976  INFO 1296 --- [http-nio-8081-exec-1] o.s.web.servlet.DispatcherServlet        : Initializing Servlet 'dispatcherServlet'
2023-03-24 02:28:49.979  INFO 1296 --- [http-nio-8081-exec-1] o.s.web.servlet.DispatcherServlet        : Completed initialization in 2 ms
2023-03-24 02:31:14.310  WARN 1296 --- [http-nio-8081-exec-1] .w.s.m.s.DefaultHandlerExceptionResolver : Resolved [org.springframework.web.bind.MissingServletRequestParameterException: Required request parameter 'adminId' for method parameter type int is not present]
2023-03-24 02:31:14.310  WARN 1296 --- [http-nio-8081-exec-10] .w.s.m.s.DefaultHandlerExceptionResolver : Resolved [org.springframework.web.method.annotation.MethodArgumentTypeMismatchException: Failed to convert value of type 'java.lang.String' to required type 'int'; nested exception is java.lang.NumberFormatException: For input string: "undefined"]
2023-03-24 02:31:14.333  WARN 1296 --- [http-nio-8081-exec-2] .w.s.m.s.DefaultHandlerExceptionResolver : Resolved [org.springframework.web.method.annotation.MethodArgumentTypeMismatchException: Failed to convert value of type 'java.lang.String' to required type 'int'; nested exception is java.lang.NumberFormatException: For input string: "undefined"]
2023-03-24 02:31:14.333  WARN 1296 --- [http-nio-8081-exec-5] .w.s.m.s.DefaultHandlerExceptionResolver : Resolved [org.springframework.web.bind.MissingServletRequestParameterException: Required request parameter 'adminId' for method parameter type int is not present]
2023-03-24 02:31:18.309  WARN 1296 --- [http-nio-8081-exec-3] .w.s.m.s.DefaultHandlerExceptionResolver : Resolved [org.springframework.web.bind.MissingServletRequestParameterException: Required request parameter 'adminId' for method parameter type int is not present]
2023-03-24 02:31:18.309  WARN 1296 --- [http-nio-8081-exec-4] .w.s.m.s.DefaultHandlerExceptionResolver : Resolved [org.springframework.web.method.annotation.MethodArgumentTypeMismatchException: Failed to convert value of type 'java.lang.String' to required type 'int'; nested exception is java.lang.NumberFormatException: For input string: "undefined"]
2023-03-24 02:31:18.332  WARN 1296 --- [http-nio-8081-exec-7] .w.s.m.s.DefaultHandlerExceptionResolver : Resolved [org.springframework.web.bind.MissingServletRequestParameterException: Required request parameter 'adminId' for method parameter type int is not present]
2023-03-24 02:31:18.332  WARN 1296 --- [http-nio-8081-exec-6] .w.s.m.s.DefaultHandlerExceptionResolver : Resolved [org.springframework.web.method.annotation.MethodArgumentTypeMismatchException: Failed to convert value of type 'java.lang.String' to required type 'int'; nested exception is java.lang.NumberFormatException: For input string: "undefined"]
2023-03-24 02:31:58.494  WARN 1296 --- [http-nio-8081-exec-9] .w.s.m.s.DefaultHandlerExceptionResolver : Resolved [org.springframework.web.bind.MissingServletRequestParameterException: Required request parameter 'adminId' for method parameter type int is not present]
2023-03-24 02:31:58.508  WARN 1296 --- [http-nio-8081-exec-9] .w.s.m.s.DefaultHandlerExceptionResolver : Resolved [org.springframework.web.bind.MissingServletRequestParameterException: Required request parameter 'adminId' for method parameter type int is not present]
2023-03-24 02:34:22.375  WARN 1296 --- [http-nio-8081-exec-7] .w.s.m.s.DefaultHandlerExceptionResolver : Resolved [org.springframework.web.bind.MissingServletRequestParameterException: Required request parameter 'adminId' for method parameter type int is not present]
2023-03-24 02:37:14.164  WARN 1296 --- [http-nio-8081-exec-6] o.s.web.servlet.PageNotFound             : No mapping for GET /UserPage/Show_All_Candidates
2023-03-24 02:37:22.966  WARN 1296 --- [http-nio-8081-exec-9] o.s.web.servlet.PageNotFound             : No mapping for GET /UserPage/Show_All_Candidates
2023-03-24 02:37:22.977  WARN 1296 --- [http-nio-8081-exec-4] o.s.web.servlet.PageNotFound             : No mapping for GET /UserPage/Show_All_Candidates
2023-03-24 02:37:22.984  WARN 1296 --- [http-nio-8081-exec-5] o.s.web.servlet.PageNotFound             : No mapping for GET /UserPage/Show_All_Candidates
2023-03-24 02:37:26.113  INFO 1296 --- [SpringApplicationShutdownHook] j.LocalContainerEntityManagerFactoryBean : Closing JPA EntityManagerFactory for persistence unit 'default'
2023-03-24 02:37:26.190  INFO 1296 --- [SpringApplicationShutdownHook] com.zaxxer.hikari.HikariDataSource       : HikariPool-1 - Shutdown initiated...
2023-03-24 02:37:26.247  INFO 1296 --- [SpringApplicationShutdownHook] com.zaxxer.hikari.HikariDataSource       : HikariPool-1 - Shutdown completed.
2023-03-24 02:37:37.952  INFO 16608 --- [restartedMain] c.e.votingapp.VotingAppApplication       : Starting VotingAppApplication using Java 19.0.2 on Captain_Kid with PID 16608 (C:\Users\iyoge\OneDrive\Desktop\Votinng App Final\target\classes started by iyoge in C:\Users\iyoge\OneDrive\Desktop\Votinng App Final)
2023-03-24 02:37:37.960  INFO 16608 --- [restartedMain] c.e.votingapp.VotingAppApplication       : No active profile set, falling back to 1 default profile: "default"
2023-03-24 02:37:38.095  INFO 16608 --- [restartedMain] .e.DevToolsPropertyDefaultsPostProcessor : Devtools property defaults active! Set 'spring.devtools.add-properties' to 'false' to disable
2023-03-24 02:37:38.096  INFO 16608 --- [restartedMain] .e.DevToolsPropertyDefaultsPostProcessor : For additional web related logging consider setting the 'logging.level.web' property to 'DEBUG'
2023-03-24 02:37:39.371  INFO 16608 --- [restartedMain] .s.d.r.c.RepositoryConfigurationDelegate : Bootstrapping Spring Data JPA repositories in DEFAULT mode.
2023-03-24 02:37:39.506  INFO 16608 --- [restartedMain] .s.d.r.c.RepositoryConfigurationDelegate : Finished Spring Data repository scanning in 117 ms. Found 3 JPA repository interfaces.
2023-03-24 02:37:40.573  INFO 16608 --- [restartedMain] o.s.b.w.embedded.tomcat.TomcatWebServer  : Tomcat initialized with port(s): 8081 (http)
2023-03-24 02:37:40.586  INFO 16608 --- [restartedMain] o.apache.catalina.core.StandardService   : Starting service [Tomcat]
2023-03-24 02:37:40.587  INFO 16608 --- [restartedMain] org.apache.catalina.core.StandardEngine  : Starting Servlet engine: [Apache Tomcat/9.0.69]
2023-03-24 02:37:40.716  INFO 16608 --- [restartedMain] o.a.c.c.C.[Tomcat].[localhost].[/]       : Initializing Spring embedded WebApplicationContext
2023-03-24 02:37:40.717  INFO 16608 --- [restartedMain] w.s.c.ServletWebServerApplicationContext : Root WebApplicationContext: initialization completed in 2620 ms
2023-03-24 02:37:41.050  INFO 16608 --- [restartedMain] o.hibernate.jpa.internal.util.LogHelper  : HHH000204: Processing PersistenceUnitInfo [name: default]
2023-03-24 02:37:41.140  INFO 16608 --- [restartedMain] org.hibernate.Version                    : HHH000412: Hibernate ORM core version 5.6.14.Final
2023-03-24 02:37:41.491  INFO 16608 --- [restartedMain] o.hibernate.annotations.common.Version   : HCANN000001: Hibernate Commons Annotations {5.1.2.Final}
2023-03-24 02:37:41.672  INFO 16608 --- [restartedMain] com.zaxxer.hikari.HikariDataSource       : HikariPool-1 - Starting...
2023-03-24 02:37:42.165  INFO 16608 --- [restartedMain] com.zaxxer.hikari.HikariDataSource       : HikariPool-1 - Start completed.
2023-03-24 02:37:42.214  INFO 16608 --- [restartedMain] org.hibernate.dialect.Dialect            : HHH000400: Using dialect: org.hibernate.dialect.MySQL57Dialect
2023-03-24 02:37:43.129  INFO 16608 --- [restartedMain] o.h.e.t.j.p.i.JtaPlatformInitiator       : HHH000490: Using JtaPlatform implementation: [org.hibernate.engine.transaction.jta.platform.internal.NoJtaPlatform]
2023-03-24 02:37:43.135  INFO 16608 --- [restartedMain] j.LocalContainerEntityManagerFactoryBean : Initialized JPA EntityManagerFactory for persistence unit 'default'
2023-03-24 02:37:43.630  WARN 16608 --- [restartedMain] JpaBaseConfiguration$JpaWebConfiguration : spring.jpa.open-in-view is enabled by default. Therefore, database queries may be performed during view rendering. Explicitly configure spring.jpa.open-in-view to disable this warning
2023-03-24 02:37:44.041  INFO 16608 --- [restartedMain] o.s.b.d.a.OptionalLiveReloadServer       : LiveReload server is running on port 35729
2023-03-24 02:37:44.092  INFO 16608 --- [restartedMain] o.s.b.w.embedded.tomcat.TomcatWebServer  : Tomcat started on port(s): 8081 (http) with context path ''
2023-03-24 02:37:44.108  INFO 16608 --- [restartedMain] c.e.votingapp.VotingAppApplication       : Started VotingAppApplication in 6.97 seconds (JVM running for 9.539)
2023-03-24 02:37:50.047  INFO 16608 --- [http-nio-8081-exec-1] o.a.c.c.C.[Tomcat].[localhost].[/]       : Initializing Spring DispatcherServlet 'dispatcherServlet'
2023-03-24 02:37:50.047  INFO 16608 --- [http-nio-8081-exec-1] o.s.web.servlet.DispatcherServlet        : Initializing Servlet 'dispatcherServlet'
2023-03-24 02:37:50.049  INFO 16608 --- [http-nio-8081-exec-1] o.s.web.servlet.DispatcherServlet        : Completed initialization in 2 ms
2023-03-24 02:38:48.100  WARN 16608 --- [http-nio-8081-exec-4] .w.s.m.s.DefaultHandlerExceptionResolver : Resolved [org.springframework.web.method.annotation.MethodArgumentTypeMismatchException: Failed to convert value of type 'java.lang.String' to required type 'int'; nested exception is java.lang.NumberFormatException: For input string: "undefined"]
2023-03-24 02:38:48.162  WARN 16608 --- [http-nio-8081-exec-7] .w.s.m.s.DefaultHandlerExceptionResolver : Resolved [org.springframework.web.method.annotation.MethodArgumentTypeMismatchException: Failed to convert value of type 'java.lang.String' to required type 'int'; nested exception is java.lang.NumberFormatException: For input string: "undefined"]
2023-03-24 02:38:58.662  WARN 16608 --- [http-nio-8081-exec-8] .w.s.m.s.DefaultHandlerExceptionResolver : Resolved [org.springframework.web.method.annotation.MethodArgumentTypeMismatchException: Failed to convert value of type 'java.lang.String' to required type 'int'; nested exception is java.lang.NumberFormatException: For input string: "undefined"]
2023-03-24 02:43:30.611  WARN 16608 --- [http-nio-8081-exec-1] .w.s.m.s.DefaultHandlerExceptionResolver : Resolved [org.springframework.web.method.annotation.MethodArgumentTypeMismatchException: Failed to convert value of type 'java.lang.String' to required type 'int'; nested exception is java.lang.NumberFormatException: For input string: "undefined"]
2023-03-24 02:43:30.671  WARN 16608 --- [http-nio-8081-exec-2] .w.s.m.s.DefaultHandlerExceptionResolver : Resolved [org.springframework.web.method.annotation.MethodArgumentTypeMismatchException: Failed to convert value of type 'java.lang.String' to required type 'int'; nested exception is java.lang.NumberFormatException: For input string: "undefined"]
2023-03-24 02:45:16.833  WARN 16608 --- [http-nio-8081-exec-5] .w.s.m.s.DefaultHandlerExceptionResolver : Resolved [org.springframework.web.method.annotation.MethodArgumentTypeMismatchException: Failed to convert value of type 'java.lang.String' to required type 'int'; nested exception is java.lang.NumberFormatException: For input string: "undefined"]
2023-03-24 02:45:16.855  WARN 16608 --- [http-nio-8081-exec-9] .w.s.m.s.DefaultHandlerExceptionResolver : Resolved [org.springframework.web.method.annotation.MethodArgumentTypeMismatchException: Failed to convert value of type 'java.lang.String' to required type 'int'; nested exception is java.lang.NumberFormatException: For input string: "undefined"]
2023-03-24 02:53:20.773  WARN 16608 --- [http-nio-8081-exec-10] .w.s.m.s.DefaultHandlerExceptionResolver : Resolved [org.springframework.web.method.annotation.MethodArgumentTypeMismatchException: Failed to convert value of type 'java.lang.String' to required type 'int'; nested exception is java.lang.NumberFormatException: For input string: "null"]
2023-03-24 03:08:37.127  WARN 16608 --- [http-nio-8081-exec-3] .w.s.m.s.DefaultHandlerExceptionResolver : Resolved [org.springframework.web.method.annotation.MethodArgumentTypeMismatchException: Failed to convert value of type 'java.lang.String' to required type 'int'; nested exception is java.lang.NumberFormatException: For input string: "null"]
2023-03-24 03:08:37.150  WARN 16608 --- [http-nio-8081-exec-7] .w.s.m.s.DefaultHandlerExceptionResolver : Resolved [org.springframework.web.method.annotation.MethodArgumentTypeMismatchException: Failed to convert value of type 'java.lang.String' to required type 'int'; nested exception is java.lang.NumberFormatException: For input string: "null"]
2023-03-24 03:09:22.710  INFO 16608 --- [SpringApplicationShutdownHook] j.LocalContainerEntityManagerFactoryBean : Closing JPA EntityManagerFactory for persistence unit 'default'
2023-03-24 03:09:22.788  INFO 16608 --- [SpringApplicationShutdownHook] com.zaxxer.hikari.HikariDataSource       : HikariPool-1 - Shutdown initiated...
2023-03-24 03:09:22.804  INFO 16608 --- [SpringApplicationShutdownHook] com.zaxxer.hikari.HikariDataSource       : HikariPool-1 - Shutdown completed.
